2026-04-23 11:02:06,918 [DEBUG] Battle Start!
2026-04-23 11:02:06,918 [DEBUG] ========================================
2026-04-23 11:02:06,918 [DEBUG] TURN 1
2026-04-23 11:02:06,918 [DEBUG] ========================================
2026-04-23 11:02:06,918 [DEBUG] === Ash ===
2026-04-23 11:02:06,918 [DEBUG]   Selected Mon:       0
2026-04-23 11:02:06,919 [DEBUG]   Locked Move:        None
2026-04-23 11:02:06,919 [DEBUG]   Locked Turns:       0
2026-04-23 11:02:06,919 [DEBUG]   Invulnerable State: None
2026-04-23 11:02:06,919 [DEBUG]   Party:
2026-04-23 11:02:06,919 [DEBUG] --- Pidgeot ---
2026-04-23 11:02:06,919 [DEBUG]   HP:           200/200
2026-04-23 11:02:06,919 [DEBUG]   Level:        50
2026-04-23 11:02:06,919 [DEBUG]   Type:         ['Normal', 'Flying']
2026-04-23 11:02:06,919 [DEBUG]   Attack:       142 (stage: 0)
2026-04-23 11:02:06,919 [DEBUG]   Defense:      138 (stage: 0)
2026-04-23 11:02:06,919 [DEBUG]   Sp. Attack:   132 (stage: 0)
2026-04-23 11:02:06,919 [DEBUG]   Sp. Defense:  132 (stage: 0)
2026-04-23 11:02:06,919 [DEBUG]   Speed:        164 (stage: 0)
2026-04-23 11:02:06,919 [DEBUG]   Accuracy:     1.0 (stage: 0)
2026-04-23 11:02:06,919 [DEBUG]   Evasion:      1.0 (stage: 0)
2026-04-23 11:02:06,919 [DEBUG]   Major Status: None
2026-04-23 11:02:06,919 [DEBUG]   Minor Status: []
2026-04-23 11:02:06,919 [DEBUG]   Moveset:      ['Fly', 'Bullet Seed', 'Aerial Ace', 'Ancient Power']
2026-04-23 11:02:06,919 [DEBUG] --- Nidorino ---
2026-04-23 11:02:06,919 [DEBUG]   HP:           178/178
2026-04-23 11:02:06,919 [DEBUG]   Level:        50
2026-04-23 11:02:06,919 [DEBUG]   Type:         ['Poison']
2026-04-23 11:02:06,919 [DEBUG]   Attack:       134 (stage: 0)
2026-04-23 11:02:06,919 [DEBUG]   Defense:      120 (stage: 0)
2026-04-23 11:02:06,919 [DEBUG]   Sp. Attack:   118 (stage: 0)
2026-04-23 11:02:06,919 [DEBUG]   Sp. Defense:  118 (stage: 0)
2026-04-23 11:02:06,919 [DEBUG]   Speed:        128 (stage: 0)
2026-04-23 11:02:06,919 [DEBUG]   Accuracy:     1.0 (stage: 0)
2026-04-23 11:02:06,919 [DEBUG]   Evasion:      1.0 (stage: 0)
2026-04-23 11:02:06,919 [DEBUG]   Major Status: None
2026-04-23 11:02:06,919 [DEBUG]   Minor Status: []
2026-04-23 11:02:06,919 [DEBUG]   Moveset:      ['Double Kick', 'Horn Attack', 'Thunder Wave', 'Toxic']
2026-04-23 11:02:06,919 [DEBUG] === Gary ===
2026-04-23 11:02:06,919 [DEBUG]   Selected Mon:       0
2026-04-23 11:02:06,919 [DEBUG]   Locked Move:        None
2026-04-23 11:02:06,919 [DEBUG]   Locked Turns:       0
2026-04-23 11:02:06,919 [DEBUG]   Invulnerable State: None
2026-04-23 11:02:06,919 [DEBUG]   Party:
2026-04-23 11:02:06,919 [DEBUG] --- Blastoise ---
2026-04-23 11:02:06,919 [DEBUG]   HP:           196/196
2026-04-23 11:02:06,919 [DEBUG]   Level:        50
2026-04-23 11:02:06,919 [DEBUG]   Type:         ['Water']
2026-04-23 11:02:06,919 [DEBUG]   Attack:       146 (stage: 0)
2026-04-23 11:02:06,919 [DEBUG]   Defense:      162 (stage: 0)
2026-04-23 11:02:06,919 [DEBUG]   Sp. Attack:   148 (stage: 0)
2026-04-23 11:02:06,919 [DEBUG]   Sp. Defense:  168 (stage: 0)
2026-04-23 11:02:06,919 [DEBUG]   Speed:        140 (stage: 0)
2026-04-23 11:02:06,919 [DEBUG]   Accuracy:     1.0 (stage: 0)
2026-04-23 11:02:06,919 [DEBUG]   Evasion:      1.0 (stage: 0)
2026-04-23 11:02:06,919 [DEBUG]   Major Status: None
2026-04-23 11:02:06,919 [DEBUG]   Minor Status: []
2026-04-23 11:02:06,919 [DEBUG]   Moveset:      ['Toxic', 'Ice Beam', 'Gust', 'Withdraw']
2026-04-23 11:02:06,919 [DEBUG] --- Charizard ---
2026-04-23 11:02:06,919 [DEBUG]   HP:           196/196
2026-04-23 11:02:06,919 [DEBUG]   Level:        50
2026-04-23 11:02:06,919 [DEBUG]   Type:         ['Fire', 'Flying']
2026-04-23 11:02:06,919 [DEBUG]   Attack:       146 (stage: 0)
2026-04-23 11:02:06,919 [DEBUG]   Defense:      140 (stage: 0)
2026-04-23 11:02:06,919 [DEBUG]   Sp. Attack:   172 (stage: 0)
2026-04-23 11:02:06,919 [DEBUG]   Sp. Defense:  148 (stage: 0)
2026-04-23 11:02:06,919 [DEBUG]   Speed:        162 (stage: 0)
2026-04-23 11:02:06,919 [DEBUG]   Accuracy:     1.0 (stage: 0)
2026-04-23 11:02:06,919 [DEBUG]   Evasion:      1.0 (stage: 0)
2026-04-23 11:02:06,919 [DEBUG]   Major Status: None
2026-04-23 11:02:06,919 [DEBUG]   Minor Status: []
2026-04-23 11:02:06,919 [DEBUG]   Moveset:      ['Flamethrower', 'Fly', 'Slash', 'Fire Spin']
2026-04-23 11:02:06,919 [DEBUG] Ash's Pidgeot:
2026-04-23 11:02:06,919 [DEBUG] 1. Moves
2026-04-23 11:02:06,919 [DEBUG] 2. Pokemon
2026-04-23 11:02:06,919 [DEBUG] 3. Items
2026-04-23 11:02:08,678 [DEBUG] 1. Fly
2026-04-23 11:02:08,679 [DEBUG] 2. Bullet Seed
2026-04-23 11:02:08,679 [DEBUG] 3. Aerial Ace
2026-04-23 11:02:08,679 [DEBUG] 4. Ancient Power
2026-04-23 11:02:08,679 [DEBUG] 5. Cancel
2026-04-23 11:02:10,219 [DEBUG] You selected Bullet Seed!
2026-04-23 11:02:10,219 [DEBUG] Gary's Blastoise:
2026-04-23 11:02:10,219 [DEBUG] 1. Moves
2026-04-23 11:02:10,219 [DEBUG] 2. Pokemon
2026-04-23 11:02:10,219 [DEBUG] 3. Items
2026-04-23 11:02:10,631 [DEBUG] 1. Toxic
2026-04-23 11:02:10,632 [DEBUG] 2. Ice Beam
2026-04-23 11:02:10,632 [DEBUG] 3. Gust
2026-04-23 11:02:10,632 [DEBUG] 4. Withdraw
2026-04-23 11:02:10,632 [DEBUG] 5. Cancel
2026-04-23 11:02:11,399 [DEBUG] You selected Ice Beam!
2026-04-23 11:02:11,399 [DEBUG] Player chose: Bullet Seed
2026-04-23 11:02:11,399 [DEBUG] NPC chose: Ice Beam
2026-04-23 11:02:11,399 [DEBUG] --- Move: Bullet Seed ---
2026-04-23 11:02:11,399 [DEBUG]   Type:              ['Grass']
2026-04-23 11:02:11,399 [DEBUG]   Category:          physical
2026-04-23 11:02:11,399 [DEBUG]   Power:             25
2026-04-23 11:02:11,399 [DEBUG]   Accuracy:          1.0
2026-04-23 11:02:11,399 [DEBUG]   PP:                30
2026-04-23 11:02:11,399 [DEBUG]   Recoil:            0.0
2026-04-23 11:02:11,400 [DEBUG]   Lifesteal:         0.0
2026-04-23 11:02:11,400 [DEBUG]   Heal:              0.0
2026-04-23 11:02:11,400 [DEBUG]   Crit Rate:         0
2026-04-23 11:02:11,400 [DEBUG]   Flinch Chance:     0.0
2026-04-23 11:02:11,400 [DEBUG]   Priority:          0
2026-04-23 11:02:11,400 [DEBUG]   Stat Changes:      {}
2026-04-23 11:02:11,400 [DEBUG]   Stat Change Chance 1.0
2026-04-23 11:02:11,400 [DEBUG]   Hits Invulnerable: []
2026-04-23 11:02:11,400 [DEBUG]   Status Effect:     None
2026-04-23 11:02:11,400 [DEBUG]   Multi Turn:        None
2026-04-23 11:02:11,400 [DEBUG] --- Move: Ice Beam ---
2026-04-23 11:02:11,400 [DEBUG]   Type:              ['Ice']
2026-04-23 11:02:11,400 [DEBUG]   Category:          special
2026-04-23 11:02:11,400 [DEBUG]   Power:             90
2026-04-23 11:02:11,400 [DEBUG]   Accuracy:          1.0
2026-04-23 11:02:11,400 [DEBUG]   PP:                10
2026-04-23 11:02:11,400 [DEBUG]   Recoil:            0.0
2026-04-23 11:02:11,400 [DEBUG]   Lifesteal:         0.0
2026-04-23 11:02:11,400 [DEBUG]   Heal:              0.0
2026-04-23 11:02:11,400 [DEBUG]   Crit Rate:         0
2026-04-23 11:02:11,400 [DEBUG]   Flinch Chance:     0.0
2026-04-23 11:02:11,400 [DEBUG]   Priority:          0
2026-04-23 11:02:11,400 [DEBUG]   Stat Changes:      {}
2026-04-23 11:02:11,400 [DEBUG]   Stat Change Chance 1.0
2026-04-23 11:02:11,400 [DEBUG]   Hits Invulnerable: []
2026-04-23 11:02:11,400 [DEBUG]   Status Effect:     Freeze
2026-04-23 11:02:11,400 [DEBUG]   Multi Turn:        None
2026-04-23 11:02:11,400 [DEBUG] Attacker: Pidgeot HP: 200/200
2026-04-23 11:02:11,400 [DEBUG] Defender: Blastoise HP: 196/196
2026-04-23 11:02:11,400 [DEBUG] Pidgeot used Bullet Seed!
2026-04-23 11:02:11,401 [DEBUG] calculate_damage: attack=142 defense=162
2026-04-23 11:02:11,401 [DEBUG] calculate_damage: power=25 lvl=50
2026-04-23 11:02:11,401 [DEBUG] calculate_damage: critical=1 multiplier=2
2026-04-23 11:02:11,401 [DEBUG] calculate_damage: final damage=23
2026-04-23 11:02:11,401 [DEBUG] It's super effective!
2026-04-23 11:02:11,401 [DEBUG] Blastoise took 23 damage!
2026-04-23 11:02:11,401 [DEBUG] calculate_damage: attack=142 defense=162
2026-04-23 11:02:11,401 [DEBUG] calculate_damage: power=25 lvl=50
2026-04-23 11:02:11,401 [DEBUG] calculate_damage: critical=1 multiplier=2
2026-04-23 11:02:11,401 [DEBUG] calculate_damage: final damage=23
2026-04-23 11:02:11,401 [DEBUG] It's super effective!
2026-04-23 11:02:11,401 [DEBUG] Blastoise took 23 damage!
2026-04-23 11:02:11,401 [DEBUG] Hit 2 time(s)!
2026-04-23 11:02:11,401 [DEBUG] Attacker: Blastoise HP: 150/196
2026-04-23 11:02:11,401 [DEBUG] Defender: Pidgeot HP: 200/200
2026-04-23 11:02:11,401 [DEBUG] Blastoise used Ice Beam!
2026-04-23 11:02:11,401 [INFO] Critical hit!
2026-04-23 11:02:11,401 [DEBUG] calculate_damage: attack=148 defense=132
2026-04-23 11:02:11,401 [DEBUG] calculate_damage: power=90 lvl=50
2026-04-23 11:02:11,401 [DEBUG] calculate_damage: critical=2 multiplier=2
2026-04-23 11:02:11,401 [DEBUG] calculate_damage: final damage=174
2026-04-23 11:02:11,401 [DEBUG] It's super effective!
2026-04-23 11:02:11,401 [DEBUG] Pidgeot took 174 damage!
2026-04-23 11:02:11,402 [DEBUG] Ash's Pidgeot: HP - 26/200
2026-04-23 11:02:11,402 [DEBUG] Gary's Blastoise: HP - 150/196
2026-04-23 11:02:11,402 [DEBUG] ========================================
2026-04-23 11:02:11,402 [DEBUG] TURN 2
2026-04-23 11:02:11,402 [DEBUG] ========================================
2026-04-23 11:02:11,402 [DEBUG] === Ash ===
2026-04-23 11:02:11,402 [DEBUG]   Selected Mon:       0
2026-04-23 11:02:11,402 [DEBUG]   Locked Move:        None
2026-04-23 11:02:11,402 [DEBUG]   Locked Turns:       0
2026-04-23 11:02:11,402 [DEBUG]   Invulnerable State: None
2026-04-23 11:02:11,402 [DEBUG]   Party:
2026-04-23 11:02:11,402 [DEBUG] --- Pidgeot ---
2026-04-23 11:02:11,402 [DEBUG]   HP:           26/200
2026-04-23 11:02:11,402 [DEBUG]   Level:        50
2026-04-23 11:02:11,402 [DEBUG]   Type:         ['Normal', 'Flying']
2026-04-23 11:02:11,402 [DEBUG]   Attack:       142 (stage: 0)
2026-04-23 11:02:11,402 [DEBUG]   Defense:      138 (stage: 0)
2026-04-23 11:02:11,402 [DEBUG]   Sp. Attack:   132 (stage: 0)
2026-04-23 11:02:11,402 [DEBUG]   Sp. Defense:  132 (stage: 0)
2026-04-23 11:02:11,402 [DEBUG]   Speed:        164 (stage: 0)
2026-04-23 11:02:11,402 [DEBUG]   Accuracy:     1.0 (stage: 0)
2026-04-23 11:02:11,402 [DEBUG]   Evasion:      1.0 (stage: 0)
2026-04-23 11:02:11,402 [DEBUG]   Major Status: None
2026-04-23 11:02:11,402 [DEBUG]   Minor Status: []
2026-04-23 11:02:11,402 [DEBUG]   Moveset:      ['Fly', 'Bullet Seed', 'Aerial Ace', 'Ancient Power']
2026-04-23 11:02:11,402 [DEBUG] --- Nidorino ---
2026-04-23 11:02:11,402 [DEBUG]   HP:           178/178
2026-04-23 11:02:11,402 [DEBUG]   Level:        50
2026-04-23 11:02:11,402 [DEBUG]   Type:         ['Poison']
2026-04-23 11:02:11,402 [DEBUG]   Attack:       134 (stage: 0)
2026-04-23 11:02:11,402 [DEBUG]   Defense:      120 (stage: 0)
2026-04-23 11:02:11,402 [DEBUG]   Sp. Attack:   118 (stage: 0)
2026-04-23 11:02:11,402 [DEBUG]   Sp. Defense:  118 (stage: 0)
2026-04-23 11:02:11,403 [DEBUG]   Speed:        128 (stage: 0)
2026-04-23 11:02:11,403 [DEBUG]   Accuracy:     1.0 (stage: 0)
2026-04-23 11:02:11,403 [DEBUG]   Evasion:      1.0 (stage: 0)
2026-04-23 11:02:11,403 [DEBUG]   Major Status: None
2026-04-23 11:02:11,403 [DEBUG]   Minor Status: []
2026-04-23 11:02:11,403 [DEBUG]   Moveset:      ['Double Kick', 'Horn Attack', 'Thunder Wave', 'Toxic']
2026-04-23 11:02:11,403 [DEBUG] === Gary ===
2026-04-23 11:02:11,403 [DEBUG]   Selected Mon:       0
2026-04-23 11:02:11,403 [DEBUG]   Locked Move:        None
2026-04-23 11:02:11,403 [DEBUG]   Locked Turns:       0
2026-04-23 11:02:11,403 [DEBUG]   Invulnerable State: None
2026-04-23 11:02:11,403 [DEBUG]   Party:
2026-04-23 11:02:11,403 [DEBUG] --- Blastoise ---
2026-04-23 11:02:11,403 [DEBUG]   HP:           150/196
2026-04-23 11:02:11,403 [DEBUG]   Level:        50
2026-04-23 11:02:11,403 [DEBUG]   Type:         ['Water']
2026-04-23 11:02:11,403 [DEBUG]   Attack:       146 (stage: 0)
2026-04-23 11:02:11,403 [DEBUG]   Defense:      162 (stage: 0)
2026-04-23 11:02:11,403 [DEBUG]   Sp. Attack:   148 (stage: 0)
2026-04-23 11:02:11,403 [DEBUG]   Sp. Defense:  168 (stage: 0)
2026-04-23 11:02:11,403 [DEBUG]   Speed:        140 (stage: 0)
2026-04-23 11:02:11,403 [DEBUG]   Accuracy:     1.0 (stage: 0)
2026-04-23 11:02:11,403 [DEBUG]   Evasion:      1.0 (stage: 0)
2026-04-23 11:02:11,403 [DEBUG]   Major Status: None
2026-04-23 11:02:11,403 [DEBUG]   Minor Status: []
2026-04-23 11:02:11,403 [DEBUG]   Moveset:      ['Toxic', 'Ice Beam', 'Gust', 'Withdraw']
2026-04-23 11:02:11,403 [DEBUG] --- Charizard ---
2026-04-23 11:02:11,403 [DEBUG]   HP:           196/196
2026-04-23 11:02:11,403 [DEBUG]   Level:        50
2026-04-23 11:02:11,403 [DEBUG]   Type:         ['Fire', 'Flying']
2026-04-23 11:02:11,403 [DEBUG]   Attack:       146 (stage: 0)
2026-04-23 11:02:11,403 [DEBUG]   Defense:      140 (stage: 0)
2026-04-23 11:02:11,403 [DEBUG]   Sp. Attack:   172 (stage: 0)
2026-04-23 11:02:11,403 [DEBUG]   Sp. Defense:  148 (stage: 0)
2026-04-23 11:02:11,403 [DEBUG]   Speed:        162 (stage: 0)
2026-04-23 11:02:11,403 [DEBUG]   Accuracy:     1.0 (stage: 0)
2026-04-23 11:02:11,403 [DEBUG]   Evasion:      1.0 (stage: 0)
2026-04-23 11:02:11,404 [DEBUG]   Major Status: None
2026-04-23 11:02:11,404 [DEBUG]   Minor Status: []
2026-04-23 11:02:11,404 [DEBUG]   Moveset:      ['Flamethrower', 'Fly', 'Slash', 'Fire Spin']
2026-04-23 11:02:11,404 [DEBUG] Ash's Pidgeot:
2026-04-23 11:02:11,404 [DEBUG] 1. Moves
2026-04-23 11:02:11,404 [DEBUG] 2. Pokemon
2026-04-23 11:02:11,404 [DEBUG] 3. Items
2026-04-23 11:02:13,780 [DEBUG] 
Thanks for playing!
