2026-04-16 14:30:29,777 [DEBUG] ========================================
2026-04-16 14:30:29,777 [DEBUG] TURN 1
2026-04-16 14:30:29,777 [DEBUG] ========================================
2026-04-16 14:30:29,777 [DEBUG] === Ash ===
2026-04-16 14:30:29,777 [DEBUG]   Selected Mon:       0
2026-04-16 14:30:29,777 [DEBUG]   Locked Move:        None
2026-04-16 14:30:29,777 [DEBUG]   Locked Turns:       0
2026-04-16 14:30:29,777 [DEBUG]   Is Invulnerable:    False
2026-04-16 14:30:29,777 [DEBUG]   Invulnerable State: None
2026-04-16 14:30:29,777 [DEBUG]   Party:
2026-04-16 14:30:29,777 [DEBUG] --- Nidorino ---
2026-04-16 14:30:29,777 [DEBUG]   HP:           178/178
2026-04-16 14:30:29,777 [DEBUG]   Level:        50
2026-04-16 14:30:29,777 [DEBUG]   Type:         ['Poison']
2026-04-16 14:30:29,777 [DEBUG]   Attack:       134 (stage: 0)
2026-04-16 14:30:29,777 [DEBUG]   Defense:      120 (stage: 0)
2026-04-16 14:30:29,777 [DEBUG]   Sp. Attack:   118 (stage: 0)
2026-04-16 14:30:29,777 [DEBUG]   Sp. Defense:  118 (stage: 0)
2026-04-16 14:30:29,777 [DEBUG]   Speed:        128 (stage: 0)
2026-04-16 14:30:29,777 [DEBUG]   Accuracy:     1.0 (stage: 0)
2026-04-16 14:30:29,777 [DEBUG]   Evasion:      1.0 (stage: 0)
2026-04-16 14:30:29,777 [DEBUG]   Status:       []
2026-04-16 14:30:29,777 [DEBUG]   Moveset:      ['Tackle', 'Double Kick', 'Thunder Wave', 'Horn Attack']
2026-04-16 14:30:29,777 [DEBUG] --- Gengar ---
2026-04-16 14:30:29,777 [DEBUG]   HP:           178/178
2026-04-16 14:30:29,777 [DEBUG]   Level:        50
2026-04-16 14:30:29,777 [DEBUG]   Type:         ['Ghost', 'Poison']
2026-04-16 14:30:29,777 [DEBUG]   Attack:       128 (stage: 0)
2026-04-16 14:30:29,777 [DEBUG]   Defense:      122 (stage: 0)
2026-04-16 14:30:29,777 [DEBUG]   Sp. Attack:   192 (stage: 0)
2026-04-16 14:30:29,777 [DEBUG]   Sp. Defense:  138 (stage: 0)
2026-04-16 14:30:29,777 [DEBUG]   Speed:        172 (stage: 0)
2026-04-16 14:30:29,777 [DEBUG]   Accuracy:     1.0 (stage: 0)
2026-04-16 14:30:29,777 [DEBUG]   Evasion:      1.0 (stage: 0)
2026-04-16 14:30:29,777 [DEBUG]   Status:       []
2026-04-16 14:30:29,777 [DEBUG]   Moveset:      ['Shadow Ball', 'Hypnosis', 'Lick', 'Confuse Ray']
2026-04-16 14:30:29,777 [DEBUG] === Gary ===
2026-04-16 14:30:29,777 [DEBUG]   Selected Mon:       0
2026-04-16 14:30:29,777 [DEBUG]   Locked Move:        None
2026-04-16 14:30:29,777 [DEBUG]   Locked Turns:       0
2026-04-16 14:30:29,777 [DEBUG]   Is Invulnerable:    False
2026-04-16 14:30:29,777 [DEBUG]   Invulnerable State: None
2026-04-16 14:30:29,777 [DEBUG]   Party:
2026-04-16 14:30:29,777 [DEBUG] --- Blastoise ---
2026-04-16 14:30:29,777 [DEBUG]   HP:           196/196
2026-04-16 14:30:29,777 [DEBUG]   Level:        50
2026-04-16 14:30:29,777 [DEBUG]   Type:         ['Water']
2026-04-16 14:30:29,777 [DEBUG]   Attack:       146 (stage: 0)
2026-04-16 14:30:29,777 [DEBUG]   Defense:      162 (stage: 0)
2026-04-16 14:30:29,777 [DEBUG]   Sp. Attack:   148 (stage: 0)
2026-04-16 14:30:29,777 [DEBUG]   Sp. Defense:  168 (stage: 0)
2026-04-16 14:30:29,777 [DEBUG]   Speed:        140 (stage: 0)
2026-04-16 14:30:29,777 [DEBUG]   Accuracy:     1.0 (stage: 0)
2026-04-16 14:30:29,777 [DEBUG]   Evasion:      1.0 (stage: 0)
2026-04-16 14:30:29,777 [DEBUG]   Status:       []
2026-04-16 14:30:29,777 [DEBUG]   Moveset:      ['Surf', 'Ice Beam', 'Hydro Pump', 'Withdraw']
2026-04-16 14:30:29,777 [DEBUG] --- Charizard ---
2026-04-16 14:30:29,777 [DEBUG]   HP:           196/196
2026-04-16 14:30:29,777 [DEBUG]   Level:        50
2026-04-16 14:30:29,777 [DEBUG]   Type:         ['Fire', 'Flying']
2026-04-16 14:30:29,777 [DEBUG]   Attack:       146 (stage: 0)
2026-04-16 14:30:29,777 [DEBUG]   Defense:      140 (stage: 0)
2026-04-16 14:30:29,777 [DEBUG]   Sp. Attack:   172 (stage: 0)
2026-04-16 14:30:29,777 [DEBUG]   Sp. Defense:  148 (stage: 0)
2026-04-16 14:30:29,777 [DEBUG]   Speed:        162 (stage: 0)
2026-04-16 14:30:29,777 [DEBUG]   Accuracy:     1.0 (stage: 0)
2026-04-16 14:30:29,777 [DEBUG]   Evasion:      1.0 (stage: 0)
2026-04-16 14:30:29,777 [DEBUG]   Status:       []
2026-04-16 14:30:29,777 [DEBUG]   Moveset:      ['Flamethrower', 'Fly', 'Slash', 'Fire Spin']
2026-04-16 14:30:33,603 [DEBUG] Player chose: Tackle
2026-04-16 14:30:33,604 [DEBUG] --- Move: Tackle ---
2026-04-16 14:30:33,604 [DEBUG]   Type:              ['Normal']
2026-04-16 14:30:33,604 [DEBUG]   Category:          physical
2026-04-16 14:30:33,604 [DEBUG]   Power:             40
2026-04-16 14:30:33,604 [DEBUG]   Accuracy:          1.0
2026-04-16 14:30:33,604 [DEBUG]   PP:                35
2026-04-16 14:30:33,604 [DEBUG]   Recoil:            0.0
2026-04-16 14:30:33,604 [DEBUG]   Lifesteal:         0.0
2026-04-16 14:30:33,604 [DEBUG]   Heal:              0.0
2026-04-16 14:30:33,604 [DEBUG]   Crit Rate:         0
2026-04-16 14:30:33,604 [DEBUG]   Flinch Chance:     0.0
2026-04-16 14:30:33,604 [DEBUG]   Priority:          0
2026-04-16 14:30:33,604 [DEBUG]   Stat Changes:      {}
2026-04-16 14:30:33,604 [DEBUG]   Multi Turn:        None
2026-04-16 14:30:33,604 [DEBUG]   Hits Invulnerable: []
2026-04-16 14:30:33,605 [DEBUG]   Status Effect:     None
2026-04-16 14:30:33,605 [DEBUG] NPC chose: Ice Beam
2026-04-16 14:30:33,605 [DEBUG] --- Move: Ice Beam ---
2026-04-16 14:30:33,605 [DEBUG]   Type:              ['Ice']
2026-04-16 14:30:33,605 [DEBUG]   Category:          special
2026-04-16 14:30:33,605 [DEBUG]   Power:             90
2026-04-16 14:30:33,605 [DEBUG]   Accuracy:          1.0
2026-04-16 14:30:33,605 [DEBUG]   PP:                10
2026-04-16 14:30:33,605 [DEBUG]   Recoil:            0.0
2026-04-16 14:30:33,605 [DEBUG]   Lifesteal:         0.0
2026-04-16 14:30:33,605 [DEBUG]   Heal:              0.0
2026-04-16 14:30:33,605 [DEBUG]   Crit Rate:         0
2026-04-16 14:30:33,605 [DEBUG]   Flinch Chance:     0.0
2026-04-16 14:30:33,605 [DEBUG]   Priority:          0
2026-04-16 14:30:33,605 [DEBUG]   Stat Changes:      {}
2026-04-16 14:30:33,605 [DEBUG]   Multi Turn:        None
2026-04-16 14:30:33,605 [DEBUG]   Hits Invulnerable: []
2026-04-16 14:30:33,605 [DEBUG]   Status Effect:     Freeze
2026-04-16 14:30:33,606 [DEBUG] Attacker: Blastoise HP: 196/196
2026-04-16 14:30:33,606 [DEBUG] Defender: Nidorino HP: 178/178
2026-04-16 14:30:33,606 [DEBUG] Blastoise used Ice Beam!
2026-04-16 14:30:33,606 [DEBUG] Damage calculated: 50 (multiplier: 1)
2026-04-16 14:30:33,606 [DEBUG] Attacker: Nidorino HP: 128/178
2026-04-16 14:30:33,606 [DEBUG] Defender: Blastoise HP: 196/196
2026-04-16 14:30:33,606 [DEBUG] Nidorino used Tackle!
2026-04-16 14:30:33,606 [DEBUG] Damage calculated: 17 (multiplier: 1)
2026-04-16 14:30:33,606 [DEBUG] ========================================
2026-04-16 14:30:33,606 [DEBUG] TURN 2
2026-04-16 14:30:33,606 [DEBUG] ========================================
2026-04-16 14:30:33,607 [DEBUG] === Ash ===
2026-04-16 14:30:33,607 [DEBUG]   Selected Mon:       0
2026-04-16 14:30:33,607 [DEBUG]   Locked Move:        None
2026-04-16 14:30:33,607 [DEBUG]   Locked Turns:       0
2026-04-16 14:30:33,607 [DEBUG]   Is Invulnerable:    False
2026-04-16 14:30:33,607 [DEBUG]   Invulnerable State: None
2026-04-16 14:30:33,607 [DEBUG]   Party:
2026-04-16 14:30:33,607 [DEBUG] --- Nidorino ---
2026-04-16 14:30:33,607 [DEBUG]   HP:           128/178
2026-04-16 14:30:33,607 [DEBUG]   Level:        50
2026-04-16 14:30:33,607 [DEBUG]   Type:         ['Poison']
2026-04-16 14:30:33,607 [DEBUG]   Attack:       134 (stage: 0)
2026-04-16 14:30:33,607 [DEBUG]   Defense:      120 (stage: 0)
2026-04-16 14:30:33,607 [DEBUG]   Sp. Attack:   118 (stage: 0)
2026-04-16 14:30:33,608 [DEBUG]   Sp. Defense:  118 (stage: 0)
2026-04-16 14:30:33,608 [DEBUG]   Speed:        128 (stage: 0)
2026-04-16 14:30:33,608 [DEBUG]   Accuracy:     1.0 (stage: 0)
2026-04-16 14:30:33,608 [DEBUG]   Evasion:      1.0 (stage: 0)
2026-04-16 14:30:33,608 [DEBUG]   Status:       []
2026-04-16 14:30:33,608 [DEBUG]   Moveset:      ['Tackle', 'Double Kick', 'Thunder Wave', 'Horn Attack']
2026-04-16 14:30:33,608 [DEBUG] --- Gengar ---
2026-04-16 14:30:33,608 [DEBUG]   HP:           178/178
2026-04-16 14:30:33,608 [DEBUG]   Level:        50
2026-04-16 14:30:33,608 [DEBUG]   Type:         ['Ghost', 'Poison']
2026-04-16 14:30:33,608 [DEBUG]   Attack:       128 (stage: 0)
2026-04-16 14:30:33,608 [DEBUG]   Defense:      122 (stage: 0)
2026-04-16 14:30:33,608 [DEBUG]   Sp. Attack:   192 (stage: 0)
2026-04-16 14:30:33,608 [DEBUG]   Sp. Defense:  138 (stage: 0)
2026-04-16 14:30:33,608 [DEBUG]   Speed:        172 (stage: 0)
2026-04-16 14:30:33,608 [DEBUG]   Accuracy:     1.0 (stage: 0)
2026-04-16 14:30:33,608 [DEBUG]   Evasion:      1.0 (stage: 0)
2026-04-16 14:30:33,608 [DEBUG]   Status:       []
2026-04-16 14:30:33,608 [DEBUG]   Moveset:      ['Shadow Ball', 'Hypnosis', 'Lick', 'Confuse Ray']
2026-04-16 14:30:33,608 [DEBUG] === Gary ===
2026-04-16 14:30:33,608 [DEBUG]   Selected Mon:       0
2026-04-16 14:30:33,608 [DEBUG]   Locked Move:        None
2026-04-16 14:30:33,608 [DEBUG]   Locked Turns:       0
2026-04-16 14:30:33,608 [DEBUG]   Is Invulnerable:    False
2026-04-16 14:30:33,608 [DEBUG]   Invulnerable State: None
2026-04-16 14:30:33,609 [DEBUG]   Party:
2026-04-16 14:30:33,609 [DEBUG] --- Blastoise ---
2026-04-16 14:30:33,609 [DEBUG]   HP:           179/196
2026-04-16 14:30:33,609 [DEBUG]   Level:        50
2026-04-16 14:30:33,609 [DEBUG]   Type:         ['Water']
2026-04-16 14:30:33,609 [DEBUG]   Attack:       146 (stage: 0)
2026-04-16 14:30:33,609 [DEBUG]   Defense:      162 (stage: 0)
2026-04-16 14:30:33,609 [DEBUG]   Sp. Attack:   148 (stage: 0)
2026-04-16 14:30:33,609 [DEBUG]   Sp. Defense:  168 (stage: 0)
2026-04-16 14:30:33,609 [DEBUG]   Speed:        140 (stage: 0)
2026-04-16 14:30:33,609 [DEBUG]   Accuracy:     1.0 (stage: 0)
2026-04-16 14:30:33,609 [DEBUG]   Evasion:      1.0 (stage: 0)
2026-04-16 14:30:33,609 [DEBUG]   Status:       []
2026-04-16 14:30:33,609 [DEBUG]   Moveset:      ['Surf', 'Ice Beam', 'Hydro Pump', 'Withdraw']
2026-04-16 14:30:33,609 [DEBUG] --- Charizard ---
2026-04-16 14:30:33,609 [DEBUG]   HP:           196/196
2026-04-16 14:30:33,609 [DEBUG]   Level:        50
2026-04-16 14:30:33,609 [DEBUG]   Type:         ['Fire', 'Flying']
2026-04-16 14:30:33,609 [DEBUG]   Attack:       146 (stage: 0)
2026-04-16 14:30:33,609 [DEBUG]   Defense:      140 (stage: 0)
2026-04-16 14:30:33,609 [DEBUG]   Sp. Attack:   172 (stage: 0)
2026-04-16 14:30:33,609 [DEBUG]   Sp. Defense:  148 (stage: 0)
2026-04-16 14:30:33,609 [DEBUG]   Speed:        162 (stage: 0)
2026-04-16 14:30:33,609 [DEBUG]   Accuracy:     1.0 (stage: 0)
2026-04-16 14:30:33,609 [DEBUG]   Evasion:      1.0 (stage: 0)
2026-04-16 14:30:33,609 [DEBUG]   Status:       []
2026-04-16 14:30:33,609 [DEBUG]   Moveset:      ['Flamethrower', 'Fly', 'Slash', 'Fire Spin']
